  InputManager.c
D:\lab3\lab3\InputManager.c(353,72): warning C4244: функция: преобразование "int" в "float", возможна потеря данных
D:\lab3\lab3\InputManager.c(362,86): warning C4244: функция: преобразование "int" в "float", возможна потеря данных
  lab3.c
D:\lab3\lab3\lab3.c(30,20): warning C4018: <: несоответствие типов со знаком и без знака
D:\lab3\lab3\lab3.c(38,20): warning C4018: <: несоответствие типов со знаком и без знака
D:\lab3\lab3\lab3.c(50,21): warning C4018: <: несоответствие типов со знаком и без знака
D:\lab3\lab3\lab3.c(64,17): warning C4018: <: несоответствие типов со знаком и без знака
D:\lab3\lab3\lab3.c(66,18): warning C4018: <: несоответствие типов со знаком и без знака
D:\lab3\lab3\lab3.c(68,133): warning C4244: =: преобразование "double" в "unsigned char", возможна потеря данных
D:\lab3\lab3\lab3.c(90,21): warning C4018: <: несоответствие типов со знаком и без знака
D:\lab3\lab3\lab3.c(92,94): warning C4244: =: преобразование "double" в "int", возможна потеря данных
D:\lab3\lab3\lab3.c(106,20): warning C4018: <: несоответствие типов со знаком и без знака
D:\lab3\lab3\lab3.c(127,23): warning C4018: >=: несоответствие типов со знаком и без знака
D:\lab3\lab3\lab3.c(127,61): warning C4018: >=: несоответствие типов со знаком и без знака
D:\lab3\lab3\lab3.c(170,20): warning C4018: <: несоответствие типов со знаком и без знака
  main.c
  menu.c
  Создание кода...
  lab3.vcxproj -> D:\lab3\x64\Debug\lab3.exe
