  lab.c
D:\lab\lab\lab.h(60,49): warning C4028: формальный параметр 1 отличается от объявления
D:\lab\lab\lab.h(60,49): warning C4028: формальный параметр 2 отличается от объявления
D:\lab\lab\lab.c(12,16): warning C4477: "printf": в строке форматирования "%d" требуется аргумент типа "int", но вариативный аргумент "1" имеет тип "size_t"
D:\lab\lab\lab.c(12,16): message : рекомендуется использовать "%zd" в строке форматирования
D:\lab\lab\lab.c(92,38): warning C4244: return: преобразование "__int64" в "int", возможна потеря данных
D:\lab\lab\lab.c(94,37): warning C4244: return: преобразование "__int64" в "int", возможна потеря данных
D:\lab\lab\lab.c(112,16): warning C4244: return: преобразование "const float" в "int", возможна потеря данных
D:\lab\lab\lab.c(131,16): warning C4477: "printf": в строке форматирования "%d" требуется аргумент типа "int", но вариативный аргумент "1" имеет тип "size_t"
D:\lab\lab\lab.c(131,16): message : рекомендуется использовать "%zd" в строке форматирования
D:\lab\lab\lab.c(133,17): warning C4477: "scanf_s": в строке форматирования "%s" требуется аргумент типа "unsigned int", но вариативный аргумент "2" имеет тип "size_t"
D:\lab\lab\lab.c(133,17): message : этот аргумент используется в качестве размера буфера
D:\lab\lab\lab.c(204,17): warning C4477: "scanf_s": в строке форматирования "%s" требуется аргумент типа "unsigned int", но вариативный аргумент "2" имеет тип "size_t"
D:\lab\lab\lab.c(204,17): message : этот аргумент используется в качестве размера буфера
D:\lab\lab\lab.c(217,17): warning C4477: "scanf_s": в строке форматирования "%s" требуется аргумент типа "unsigned int", но вариативный аргумент "2" имеет тип "size_t"
D:\lab\lab\lab.c(217,17): message : этот аргумент используется в качестве размера буфера
D:\lab\lab\lab.c(230,17): warning C4477: "scanf_s": в строке форматирования "%s" требуется аргумент типа "unsigned int", но вариативный аргумент "2" имеет тип "size_t"
D:\lab\lab\lab.c(230,17): message : этот аргумент используется в качестве размера буфера
D:\lab\lab\lab.c(233,17): warning C4477: "scanf_s": в строке форматирования "%s" требуется аргумент типа "unsigned int", но вариативный аргумент "2" имеет тип "size_t"
D:\lab\lab\lab.c(233,17): message : этот аргумент используется в качестве размера буфера
  lab.vcxproj -> D:\lab\x64\Debug\lab.exe
